[2024-12-24T14:27:51.039Z] [[32minfo[39m] Starting to scan r/oldrobloxrevivals for Discord invites...
[2024-12-24T14:27:53.526Z] [[32minfo[39m] Found new Discord invite: discord.gg/economysimulator in post by Critical_Steak3006
[2024-12-24T14:27:53.527Z] [[32minfo[39m] Found new Discord invite: discord.gg/a3wb in post by One_Outcome_8564
[2024-12-24T14:27:53.527Z] [[32minfo[39m] Found new Discord invite: discord.gg/p in post by probablything
[2024-12-24T14:27:53.528Z] [[32minfo[39m] Found new Discord invite: discord.gg/h in post by Lukao001
[2024-12-24T14:27:53.528Z] [[32minfo[39m] Found new Discord invite: discord.gg/pf in post by WaterBoigottaken
[2024-12-24T14:27:55.530Z] [[32minfo[39m] Processed page 1/200, found 5 unique invites so far
[2024-12-24T14:27:57.217Z] [[32minfo[39m] Found new Discord invite: discord.gg/kw in post by WaterBoigottaken
[2024-12-24T14:27:57.218Z] [[32minfo[39m] Found new Discord invite: discord.gg/43 in post by justmepropper
[2024-12-24T14:27:59.220Z] [[32minfo[39m] Processed page 2/200, found 7 unique invites so far
[2024-12-24T14:28:00.459Z] [[32minfo[39m] Found new Discord invite: discord.gg/4xy in post by OfficialRetroblox
[2024-12-24T14:28:00.459Z] [[32minfo[39m] Found new Discord invite: discord.gg/kw in post by WaterBoigottaken
[2024-12-24T14:28:00.459Z] [[32minfo[39m] Found new Discord invite: discord.gg/b in post by FunZookeepergame547
[2024-12-24T14:28:00.459Z] [[32minfo[39m] Found new Discord invite: discord.gg/h in post by Lukao001
[2024-12-24T14:28:00.460Z] [[32minfo[39m] Found new Discord invite: discord.com/invite/5unn8 in post by Winter-Wrongdoer-349
[2024-12-24T14:28:00.460Z] [[32minfo[39m] Found new Discord invite: discord.com/invite/oldroblox in post by imthatGamer
[2024-12-24T14:28:00.460Z] [[32minfo[39m] Found new Discord invite: discord.gg/k in post by X-Master-X
[2024-12-24T14:28:02.463Z] [[32minfo[39m] Processed page 3/200, found 12 unique invites so far
[2024-12-24T14:28:03.698Z] [[32minfo[39m] Found new Discord invite: discord.gg/bs in post by Strange-Method4382
[2024-12-24T14:28:03.699Z] [[32minfo[39m] Found new Discord invite: discord.gg/solario in post by urcap
[2024-12-24T14:28:03.700Z] [[32minfo[39m] Found new Discord invite: discord.gg/solario in post by noname228777
[2024-12-24T14:28:03.700Z] [[32minfo[39m] Found new Discord invite: discord.gg/nq in post by noname228777
[2024-12-24T14:28:03.701Z] [[32minfo[39m] Found new Discord invite: discord.gg/finobe in post by noname228777
[2024-12-24T14:28:03.701Z] [[32minfo[39m] Found new Discord invite: discord.gg/a in post by noname228777
[2024-12-24T14:28:03.702Z] [[32minfo[39m] Found new Discord invite: discord.gg/z in post by Ok_Cauliflower_7764
[2024-12-24T14:28:03.710Z] [[32minfo[39m] Found new Discord invite: discord.gg/5j in post by Ok_Cauliflower_7764
[2024-12-24T14:28:05.718Z] [[32minfo[39m] Processed page 4/200, found 19 unique invites so far
[2024-12-24T14:28:06.824Z] [[32minfo[39m] Found new Discord invite: discord.gg/z in post by ROBLOXNEWZ
[2024-12-24T14:28:06.824Z] [[32minfo[39m] Found new Discord invite: discord.gg/s in post by RedusScripts
[2024-12-24T14:28:08.825Z] [[32minfo[39m] Processed page 5/200, found 20 unique invites so far
[2024-12-24T14:28:09.859Z] [[32minfo[39m] Found new Discord invite: discord.com/invite/d6 in post by classicblox
[2024-12-24T14:28:09.859Z] [[32minfo[39m] Found new Discord invite: discord.gg/b in post by FunZookeepergame547
[2024-12-24T14:28:11.860Z] [[32minfo[39m] Processed page 6/200, found 21 unique invites so far
[2024-12-24T14:28:13.002Z] [[32minfo[39m] Found new Discord invite: discord.com/invite/ks4n59 in post by Dragoltfang
[2024-12-24T14:28:13.003Z] [[32minfo[39m] Found new Discord invite: discord.gg/p in post by BiancaFRxd
[2024-12-24T14:28:13.003Z] [[32minfo[39m] Found new Discord invite: discord.gg/aem in post by throwaway91q91q91q
[2024-12-24T14:28:13.004Z] [[32minfo[39m] Found new Discord invite: discord.gg/9u in post by Simple_Signature8592
[2024-12-24T14:28:13.004Z] [[32minfo[39m] Found new Discord invite: discord.gg/vyqhcm in post by jackzzae
[2024-12-24T14:28:13.004Z] [[32minfo[39m] Found new Discord invite: discord.gg/b in post by FunZookeepergame547
[2024-12-24T14:28:13.004Z] [[32minfo[39m] Found new Discord invite: discord.gg/b in post by FunZookeepergame547
[2024-12-24T14:28:13.004Z] [[32minfo[39m] Found new Discord invite: discord.gg/solario in post by urcap
[2024-12-24T14:28:13.004Z] [[32minfo[39m] Found new Discord invite: discord.gg/qj in post by Sure-Currency2631
[2024-12-24T14:28:13.005Z] [[32minfo[39m] Found new Discord invite: discord.gg/bj in post by EntertainmentOwn5764
[2024-12-24T14:28:13.005Z] [[32minfo[39m] Found new Discord invite: discord.gg/5 in post by vidnasaywhat
[2024-12-24T14:28:13.005Z] [[32minfo[39m] Found new Discord invite: discord.gg/9c in post by vidnasaywhat
[2024-12-24T14:28:13.005Z] [[32minfo[39m] Found new Discord invite: discord.gg/z in post by Juan_silverSNACK
[2024-12-24T14:28:15.007Z] [[32minfo[39m] Processed page 7/200, found 29 unique invites so far
[2024-12-24T14:28:15.449Z] [[32minfo[39m] Found new Discord invite: discord.gg/whatever in post by Medium-Foundation403
[2024-12-24T14:28:15.449Z] [[32minfo[39m] Found new Discord invite: discord.gg/xk in post by No_Beat6797
[2024-12-24T14:28:15.449Z] [[32minfo[39m] Found new Discord invite: discord.gg/xk in post by No_Beat6797
[2024-12-24T14:28:15.450Z] [[32minfo[39m] Reached end of subreddit
[2024-12-24T14:28:15.451Z] [[31merror[39m] Error initializing session: EISDIR: Is a directory
[2024-12-24T14:28:44.571Z] [[32minfo[39m] Starting to scan r/oldrobloxrevivals for Discord invites...
[2024-12-24T14:28:46.043Z] [[32minfo[39m] Found new Discord invite: discord.gg/economysimulator in post by Critical_Steak3006
[2024-12-24T14:28:46.044Z] [[32minfo[39m] Found new Discord invite: discord.gg/a3wb in post by One_Outcome_8564
[2024-12-24T14:28:46.044Z] [[32minfo[39m] Found new Discord invite: discord.gg/p in post by probablything
[2024-12-24T14:28:46.044Z] [[32minfo[39m] Found new Discord invite: discord.gg/h in post by Lukao001
[2024-12-24T14:28:46.045Z] [[32minfo[39m] Found new Discord invite: discord.gg/pf in post by WaterBoigottaken
[2024-12-24T14:28:48.047Z] [[32minfo[39m] Processed page 1/200, found 5 unique invites so far
[2024-12-24T14:28:49.135Z] [[32minfo[39m] Found new Discord invite: discord.gg/kw in post by WaterBoigottaken
[2024-12-24T14:28:49.136Z] [[32minfo[39m] Found new Discord invite: discord.gg/43 in post by justmepropper
[2024-12-24T14:28:51.139Z] [[32minfo[39m] Processed page 2/200, found 7 unique invites so far
[2024-12-24T14:28:52.382Z] [[32minfo[39m] Found new Discord invite: discord.gg/4xy in post by OfficialRetroblox
[2024-12-24T14:28:52.383Z] [[32minfo[39m] Found new Discord invite: discord.gg/kw in post by WaterBoigottaken
[2024-12-24T14:28:52.383Z] [[32minfo[39m] Found new Discord invite: discord.gg/b in post by FunZookeepergame547
[2024-12-24T14:28:52.384Z] [[32minfo[39m] Found new Discord invite: discord.gg/h in post by Lukao001
[2024-12-24T14:28:52.384Z] [[32minfo[39m] Found new Discord invite: discord.com/invite/5unn8 in post by Winter-Wrongdoer-349
[2024-12-24T14:28:52.385Z] [[32minfo[39m] Found new Discord invite: discord.com/invite/oldroblox in post by imthatGamer
[2024-12-24T14:28:52.385Z] [[32minfo[39m] Found new Discord invite: discord.gg/k in post by X-Master-X
[2024-12-24T14:28:54.389Z] [[32minfo[39m] Processed page 3/200, found 12 unique invites so far
[2024-12-24T14:28:55.378Z] [[32minfo[39m] Found new Discord invite: discord.gg/bs in post by Strange-Method4382
[2024-12-24T14:28:55.378Z] [[32minfo[39m] Found new Discord invite: discord.gg/solario in post by urcap
[2024-12-24T14:28:55.379Z] [[32minfo[39m] Found new Discord invite: discord.gg/solario in post by noname228777
[2024-12-24T14:28:55.379Z] [[32minfo[39m] Found new Discord invite: discord.gg/nq in post by noname228777
[2024-12-24T14:28:55.379Z] [[32minfo[39m] Found new Discord invite: discord.gg/finobe in post by noname228777
[2024-12-24T14:28:55.379Z] [[32minfo[39m] Found new Discord invite: discord.gg/a in post by noname228777
[2024-12-24T14:28:55.380Z] [[32minfo[39m] Found new Discord invite: discord.gg/z in post by Ok_Cauliflower_7764
[2024-12-24T14:28:55.380Z] [[32minfo[39m] Found new Discord invite: discord.gg/5j in post by Ok_Cauliflower_7764
[2024-12-24T14:28:57.382Z] [[32minfo[39m] Processed page 4/200, found 19 unique invites so far
[2024-12-24T14:28:58.346Z] [[32minfo[39m] Found new Discord invite: discord.gg/z in post by ROBLOXNEWZ
[2024-12-24T14:28:58.347Z] [[32minfo[39m] Found new Discord invite: discord.gg/s in post by RedusScripts
[2024-12-24T14:29:00.348Z] [[32minfo[39m] Processed page 5/200, found 20 unique invites so far
[2024-12-24T14:29:01.691Z] [[32minfo[39m] Found new Discord invite: discord.com/invite/d6 in post by classicblox
[2024-12-24T14:29:01.692Z] [[32minfo[39m] Found new Discord invite: discord.gg/b in post by FunZookeepergame547
[2024-12-24T14:29:03.693Z] [[32minfo[39m] Processed page 6/200, found 21 unique invites so far
[2024-12-24T14:29:04.654Z] [[32minfo[39m] Found new Discord invite: discord.com/invite/ks4n59 in post by Dragoltfang
[2024-12-24T14:29:04.655Z] [[32minfo[39m] Found new Discord invite: discord.gg/p in post by BiancaFRxd
[2024-12-24T14:29:04.655Z] [[32minfo[39m] Found new Discord invite: discord.gg/aem in post by throwaway91q91q91q
[2024-12-24T14:29:04.656Z] [[32minfo[39m] Found new Discord invite: discord.gg/9u in post by Simple_Signature8592
[2024-12-24T14:29:04.656Z] [[32minfo[39m] Found new Discord invite: discord.gg/vyqhcm in post by jackzzae
[2024-12-24T14:29:04.656Z] [[32minfo[39m] Found new Discord invite: discord.gg/b in post by FunZookeepergame547
[2024-12-24T14:29:04.656Z] [[32minfo[39m] Found new Discord invite: discord.gg/b in post by FunZookeepergame547
[2024-12-24T14:29:04.657Z] [[32minfo[39m] Found new Discord invite: discord.gg/solario in post by urcap
[2024-12-24T14:29:04.657Z] [[32minfo[39m] Found new Discord invite: discord.gg/qj in post by Sure-Currency2631
[2024-12-24T14:29:04.658Z] [[32minfo[39m] Found new Discord invite: discord.gg/bj in post by EntertainmentOwn5764
[2024-12-24T14:29:04.658Z] [[32minfo[39m] Found new Discord invite: discord.gg/5 in post by vidnasaywhat
[2024-12-24T14:29:04.658Z] [[32minfo[39m] Found new Discord invite: discord.gg/9c in post by vidnasaywhat
[2024-12-24T14:29:04.658Z] [[32minfo[39m] Found new Discord invite: discord.gg/z in post by Juan_silverSNACK
[2024-12-24T14:29:06.659Z] [[32minfo[39m] Processed page 7/200, found 29 unique invites so far
[2024-12-24T14:29:07.013Z] [[32minfo[39m] Found new Discord invite: discord.gg/whatever in post by Medium-Foundation403
[2024-12-24T14:29:07.013Z] [[32minfo[39m] Found new Discord invite: discord.gg/xk in post by No_Beat6797
[2024-12-24T14:29:07.014Z] [[32minfo[39m] Found new Discord invite: discord.gg/xk in post by No_Beat6797
[2024-12-24T14:29:07.014Z] [[32minfo[39m] Reached end of subreddit
[2024-12-24T14:29:07.015Z] [[32minfo[39m] Scan complete. Found and saved 31 unique Discord invites to discord_invites.txt
[2024-12-24T14:31:25.395Z] [[32minfo[39m] Starting to scan r/oldrobloxrevivals for Discord invites...
[2024-12-24T14:31:28.969Z] [[32minfo[39m] Processed page 1/200, found 0 unique invites so far
[2024-12-24T14:31:32.082Z] [[32minfo[39m] Processed page 2/200, found 0 unique invites so far
[2024-12-24T14:31:41.658Z] [[32minfo[39m] Starting to scan r/oldrobloxrevivals for Discord invites...
[2024-12-24T14:31:43.324Z] [[32minfo[39m] Found new Discord invite: discord.gg/economysimulator in post by Critical_Steak3006
[2024-12-24T14:31:43.325Z] [[32minfo[39m] Found new Discord invite: discord.gg/a3wbHuHv7p in post by One_Outcome_8564
[2024-12-24T14:31:43.325Z] [[32minfo[39m] Found new Discord invite: discord.gg/NJqdCZZYzP in post by Dull-Cap-9105
[2024-12-24T14:31:43.325Z] [[32minfo[39m] Found new Discord invite: discord.gg/pFvhsw4yMj in post by probablything
[2024-12-24T14:31:43.326Z] [[32minfo[39m] Found new Discord invite: discord.gg/Pddfrun8tt in post by One_Outcome_8564
[2024-12-24T14:31:43.326Z] [[32minfo[39m] Found new Discord invite: discord.gg/hYMpTCm8hp in post by Lukao001
[2024-12-24T14:31:43.326Z] [[32minfo[39m] Found new Discord invite: discord.gg/pfDNy9uCRg in post by WaterBoigottaken
[2024-12-24T14:31:45.329Z] [[32minfo[39m] Processed page 1/200, found 7 unique invites so far
[2024-12-24T14:31:46.361Z] [[32minfo[39m] Found new Discord invite: discord.gg/ANsVfBeu3F in post by WuffGamingReal
[2024-12-24T14:31:46.361Z] [[32minfo[39m] Found new Discord invite: discord.com/channels in post by urcap
[2024-12-24T14:31:46.362Z] [[32minfo[39m] Found new Discord invite: discord.gg/kwX8wvEFw6 in post by WaterBoigottaken
[2024-12-24T14:31:46.362Z] [[32minfo[39m] Found new Discord invite: discord.gg/43Nr47KMZE in post by justmepropper
[2024-12-24T14:31:46.362Z] [[32minfo[39m] Found new Discord invite: discord.gg/ANsVfBeu3F in post by WuffGamingReal
[2024-12-24T14:31:48.362Z] [[32minfo[39m] Processed page 2/200, found 11 unique invites so far
[2024-12-24T14:31:49.514Z] [[32minfo[39m] Found new Discord invite: discord.gg/4xyWhhumMP in post by OfficialRetroblox
[2024-12-24T14:31:49.514Z] [[32minfo[39m] Found new Discord invite: discord.gg/kwX8wvEFw6 in post by WaterBoigottaken
[2024-12-24T14:31:49.515Z] [[32minfo[39m] Found new Discord invite: discord.gg/bDED8MQznj in post by FunZookeepergame547
[2024-12-24T14:31:49.515Z] [[32minfo[39m] Found new Discord invite: discord.gg/hYMpTCm8hp in post by Lukao001
[2024-12-24T14:31:49.515Z] [[32minfo[39m] Found new Discord invite: discord.com/invite in post by Winter-Wrongdoer-349
[2024-12-24T14:31:49.516Z] [[32minfo[39m] Found new Discord invite: discord.gg/ANsVfBeu3F in post by normalpillsintaker
[2024-12-24T14:31:49.516Z] [[32minfo[39m] Found new Discord invite: discord.com/invite in post by imthatGamer
[2024-12-24T14:31:49.516Z] [[32minfo[39m] Found new Discord invite: discord.gg/kCETFhAAnx in post by X-Master-X
[2024-12-24T14:31:51.519Z] [[32minfo[39m] Processed page 3/200, found 15 unique invites so far
[2024-12-24T14:31:52.704Z] [[32minfo[39m] Found new Discord invite: discord.gg/bsDPZWMN in post by Strange-Method4382
[2024-12-24T14:31:52.705Z] [[32minfo[39m] Found new Discord invite: discord.gg/SFPemU73 in post by FunZookeepergame547
[2024-12-24T14:31:52.706Z] [[32minfo[39m] Found new Discord invite: discord.gg/solario in post by urcap
[2024-12-24T14:31:52.706Z] [[32minfo[39m] Found new Discord invite: discord.gg/solario in post by noname228777
[2024-12-24T14:31:52.706Z] [[32minfo[39m] Found new Discord invite: discord.gg/nqCGzxqzFE in post by noname228777
[2024-12-24T14:31:52.706Z] [[32minfo[39m] Found new Discord invite: discord.gg/finobe in post by noname228777
[2024-12-24T14:31:52.706Z] [[32minfo[39m] Found new Discord invite: discord.gg/aAtNm7pj5W in post by noname228777
[2024-12-24T14:31:52.707Z] [[32minfo[39m] Found new Discord invite: discord.gg/zVx6jAtj in post by Ok_Cauliflower_7764
[2024-12-24T14:31:52.707Z] [[32minfo[39m] Found new Discord invite: discord.gg/5jRYsecg in post by Ok_Cauliflower_7764
[2024-12-24T14:31:54.709Z] [[32minfo[39m] Processed page 4/200, found 23 unique invites so far
[2024-12-24T14:31:55.744Z] [[32minfo[39m] Found new Discord invite: discord.gg/zVJWe6jr in post by ROBLOXNEWZ
[2024-12-24T14:31:55.744Z] [[32minfo[39m] Found new Discord invite: discord.gg/sH6FgBux8e in post by RedusScripts
[2024-12-24T14:31:55.745Z] [[32minfo[39m] Found new Discord invite: discord.gg/WC4hdZZE in post by VandGD
[2024-12-24T14:31:55.745Z] [[32minfo[39m] Found new Discord invite: discord.gg/A8Qe9r5aQB in post by whoopperwhopper
[2024-12-24T14:31:57.747Z] [[32minfo[39m] Processed page 5/200, found 27 unique invites so far
[2024-12-24T14:31:58.920Z] [[32minfo[39m] Found new Discord invite: discord.gg/QFJQyQ5bH9 in post by jahoobas
[2024-12-24T14:31:58.920Z] [[32minfo[39m] Found new Discord invite: discord.com/invite in post by classicblox
[2024-12-24T14:31:58.920Z] [[32minfo[39m] Found new Discord invite: discord.gg/bDED8MQznj in post by FunZookeepergame547
[2024-12-24T14:32:00.921Z] [[32minfo[39m] Processed page 6/200, found 28 unique invites so far
[2024-12-24T14:32:02.161Z] [[32minfo[39m] Found new Discord invite: discord.com/invite in post by Dragoltfang
[2024-12-24T14:32:02.161Z] [[32minfo[39m] Found new Discord invite: discord.gg/pXuw5XPTKJ in post by BiancaFRxd
[2024-12-24T14:32:02.161Z] [[32minfo[39m] Found new Discord invite: discord.gg/aemYNMPQDv in post by throwaway91q91q91q
[2024-12-24T14:32:02.161Z] [[32minfo[39m] Found new Discord invite: discord.gg/Dv2wsPGFzw in post by FunZookeepergame547
[2024-12-24T14:32:02.161Z] [[32minfo[39m] Found new Discord invite: discord.gg/9uSaJKHt in post by Simple_Signature8592
[2024-12-24T14:32:02.162Z] [[32minfo[39m] Found new Discord invite: discord.gg/vyqhcmQN5y in post by jackzzae
[2024-12-24T14:32:02.162Z] [[32minfo[39m] Found new Discord invite: discord.gg/bQG29edz in post by FunZookeepergame547
[2024-12-24T14:32:02.162Z] [[32minfo[39m] Found new Discord invite: discord.gg/bQG29edz in post by FunZookeepergame547
[2024-12-24T14:32:02.162Z] [[32minfo[39m] Found new Discord invite: discord.gg/solario in post by urcap
[2024-12-24T14:32:02.162Z] [[32minfo[39m] Found new Discord invite: discord.gg/qjAbkYX4eG in post by Sure-Currency2631
[2024-12-24T14:32:02.162Z] [[32minfo[39m] Found new Discord invite: discord.gg/PyRJ2n7dgJ in post by [deleted]
[2024-12-24T14:32:02.162Z] [[32minfo[39m] Found new Discord invite: discord.gg/bjHxFsNS in post by EntertainmentOwn5764
[2024-12-24T14:32:02.162Z] [[32minfo[39m] Found new Discord invite: discord.gg/5AYg3rWBpj in post by vidnasaywhat
[2024-12-24T14:32:02.163Z] [[32minfo[39m] Found new Discord invite: discord.gg/YVcXYMBh4c in post by FunZookeepergame547
[2024-12-24T14:32:02.163Z] [[32minfo[39m] Found new Discord invite: discord.gg/9cEeWne6ZE in post by vidnasaywhat
[2024-12-24T14:32:02.163Z] [[32minfo[39m] Found new Discord invite: discord.gg/VcJjsPcns7 in post by Inevitable_Box_1963
[2024-12-24T14:32:02.163Z] [[32minfo[39m] Found new Discord invite: discord.gg/zCxeM3mr in post by Juan_silverSNACK
[2024-12-24T14:32:04.165Z] [[32minfo[39m] Processed page 7/200, found 42 unique invites so far
[2024-12-24T14:32:04.641Z] [[32minfo[39m] Found new Discord invite: discord.gg/UKXgNqPJTr in post by skrask1
[2024-12-24T14:32:04.641Z] [[32minfo[39m] Found new Discord invite: discord.gg/whatever in post by Medium-Foundation403
[2024-12-24T14:32:04.641Z] [[32minfo[39m] Found new Discord invite: discord.gg/xkRknfJej6 in post by No_Beat6797
[2024-12-24T14:32:04.642Z] [[32minfo[39m] Found new Discord invite: discord.gg/xkRknfJej6 in post by No_Beat6797
[2024-12-24T14:32:04.642Z] [[32minfo[39m] Reached end of subreddit
[2024-12-24T14:32:04.643Z] [[32minfo[39m] Scan complete. Found and saved 45 unique Discord invites to discord_invites.txt
[2024-12-24T14:33:00.071Z] [[32minfo[39m] Starting to scan r/oldrobloxrevivals for Discord invites...
[2024-12-24T14:33:01.484Z] [[32minfo[39m] Found new Discord invite: economysimulator in post by Critical_Steak3006
[2024-12-24T14:33:01.485Z] [[32minfo[39m] Found new Discord invite: a3wbHuHv7p in post by One_Outcome_8564
[2024-12-24T14:33:01.485Z] [[32minfo[39m] Found new Discord invite: NJqdCZZYzP in post by Dull-Cap-9105
[2024-12-24T14:33:01.486Z] [[32minfo[39m] Found new Discord invite: pFvhsw4yMj in post by probablything
[2024-12-24T14:33:01.486Z] [[32minfo[39m] Found new Discord invite: Pddfrun8tt in post by One_Outcome_8564
[2024-12-24T14:33:01.487Z] [[32minfo[39m] Found new Discord invite: hYMpTCm8hp in post by Lukao001
[2024-12-24T14:33:01.487Z] [[32minfo[39m] Found new Discord invite: pfDNy9uCRg in post by WaterBoigottaken
[2024-12-24T14:33:03.489Z] [[32minfo[39m] Processed page 1/200, found 7 unique invites so far
[2024-12-24T14:33:04.799Z] [[32minfo[39m] Found new Discord invite: ANsVfBeu3F in post by WuffGamingReal
[2024-12-24T14:33:04.800Z] [[32minfo[39m] Found new Discord invite: channels in post by urcap
[2024-12-24T14:33:04.800Z] [[32minfo[39m] Found new Discord invite: kwX8wvEFw6 in post by WaterBoigottaken
[2024-12-24T14:33:04.800Z] [[32minfo[39m] Found new Discord invite: 43Nr47KMZE in post by justmepropper
[2024-12-24T14:33:04.801Z] [[32minfo[39m] Found new Discord invite: ANsVfBeu3F in post by WuffGamingReal
[2024-12-24T14:33:06.802Z] [[32minfo[39m] Processed page 2/200, found 11 unique invites so far
[2024-12-24T14:33:08.150Z] [[32minfo[39m] Found new Discord invite: 4xyWhhumMP in post by OfficialRetroblox
[2024-12-24T14:33:08.150Z] [[32minfo[39m] Found new Discord invite: kwX8wvEFw6 in post by WaterBoigottaken
[2024-12-24T14:33:08.150Z] [[32minfo[39m] Found new Discord invite: bDED8MQznj in post by FunZookeepergame547
[2024-12-24T14:33:08.150Z] [[32minfo[39m] Found new Discord invite: hYMpTCm8hp in post by Lukao001
[2024-12-24T14:33:08.150Z] [[32minfo[39m] Found new Discord invite: invite in post by Winter-Wrongdoer-349
[2024-12-24T14:33:08.151Z] [[32minfo[39m] Found new Discord invite: ANsVfBeu3F in post by normalpillsintaker
[2024-12-24T14:33:08.151Z] [[32minfo[39m] Found new Discord invite: invite in post by imthatGamer
[2024-12-24T14:33:08.151Z] [[32minfo[39m] Found new Discord invite: kCETFhAAnx in post by X-Master-X
[2024-12-24T14:33:10.153Z] [[32minfo[39m] Processed page 3/200, found 15 unique invites so far
[2024-12-24T14:33:11.239Z] [[32minfo[39m] Found new Discord invite: bsDPZWMN in post by Strange-Method4382
[2024-12-24T14:33:11.239Z] [[32minfo[39m] Found new Discord invite: SFPemU73 in post by FunZookeepergame547
[2024-12-24T14:33:11.240Z] [[32minfo[39m] Found new Discord invite: solario in post by urcap
[2024-12-24T14:33:11.240Z] [[32minfo[39m] Found new Discord invite: solario in post by noname228777
[2024-12-24T14:33:11.240Z] [[32minfo[39m] Found new Discord invite: nqCGzxqzFE in post by noname228777
[2024-12-24T14:33:11.240Z] [[32minfo[39m] Found new Discord invite: finobe in post by noname228777
[2024-12-24T14:33:11.241Z] [[32minfo[39m] Found new Discord invite: aAtNm7pj5W in post by noname228777
[2024-12-24T14:33:11.241Z] [[32minfo[39m] Found new Discord invite: zVx6jAtj in post by Ok_Cauliflower_7764
[2024-12-24T14:33:11.241Z] [[32minfo[39m] Found new Discord invite: 5jRYsecg in post by Ok_Cauliflower_7764
[2024-12-24T14:33:13.242Z] [[32minfo[39m] Processed page 4/200, found 23 unique invites so far
[2024-12-24T14:33:14.170Z] [[32minfo[39m] Found new Discord invite: zVJWe6jr in post by ROBLOXNEWZ
[2024-12-24T14:33:14.171Z] [[32minfo[39m] Found new Discord invite: sH6FgBux8e in post by RedusScripts
[2024-12-24T14:33:14.171Z] [[32minfo[39m] Found new Discord invite: WC4hdZZE in post by VandGD
[2024-12-24T14:33:14.171Z] [[32minfo[39m] Found new Discord invite: A8Qe9r5aQB in post by whoopperwhopper
[2024-12-24T14:33:16.173Z] [[32minfo[39m] Processed page 5/200, found 27 unique invites so far
[2024-12-24T14:33:17.416Z] [[32minfo[39m] Found new Discord invite: QFJQyQ5bH9 in post by jahoobas
[2024-12-24T14:33:17.417Z] [[32minfo[39m] Found new Discord invite: invite in post by classicblox
[2024-12-24T14:33:17.419Z] [[32minfo[39m] Found new Discord invite: bDED8MQznj in post by FunZookeepergame547
[2024-12-24T14:33:19.420Z] [[32minfo[39m] Processed page 6/200, found 28 unique invites so far
[2024-12-24T14:33:20.482Z] [[32minfo[39m] Found new Discord invite: invite in post by Dragoltfang
[2024-12-24T14:33:20.482Z] [[32minfo[39m] Found new Discord invite: pXuw5XPTKJ in post by BiancaFRxd
[2024-12-24T14:33:20.482Z] [[32minfo[39m] Found new Discord invite: aemYNMPQDv in post by throwaway91q91q91q
[2024-12-24T14:33:20.482Z] [[32minfo[39m] Found new Discord invite: Dv2wsPGFzw in post by FunZookeepergame547
[2024-12-24T14:33:20.482Z] [[32minfo[39m] Found new Discord invite: 9uSaJKHt in post by Simple_Signature8592
[2024-12-24T14:33:20.483Z] [[32minfo[39m] Found new Discord invite: vyqhcmQN5y in post by jackzzae
[2024-12-24T14:33:20.483Z] [[32minfo[39m] Found new Discord invite: bQG29edz in post by FunZookeepergame547
[2024-12-24T14:33:20.483Z] [[32minfo[39m] Found new Discord invite: bQG29edz in post by FunZookeepergame547
[2024-12-24T14:33:20.483Z] [[32minfo[39m] Found new Discord invite: solario in post by urcap
[2024-12-24T14:33:20.483Z] [[32minfo[39m] Found new Discord invite: qjAbkYX4eG in post by Sure-Currency2631
[2024-12-24T14:33:20.483Z] [[32minfo[39m] Found new Discord invite: PyRJ2n7dgJ in post by [deleted]
[2024-12-24T14:33:20.483Z] [[32minfo[39m] Found new Discord invite: bjHxFsNS in post by EntertainmentOwn5764
[2024-12-24T14:33:20.484Z] [[32minfo[39m] Found new Discord invite: 5AYg3rWBpj in post by vidnasaywhat
[2024-12-24T14:33:20.484Z] [[32minfo[39m] Found new Discord invite: YVcXYMBh4c in post by FunZookeepergame547
[2024-12-24T14:33:20.485Z] [[32minfo[39m] Found new Discord invite: 9cEeWne6ZE in post by vidnasaywhat
[2024-12-24T14:33:20.485Z] [[32minfo[39m] Found new Discord invite: VcJjsPcns7 in post by Inevitable_Box_1963
[2024-12-24T14:33:20.485Z] [[32minfo[39m] Found new Discord invite: zCxeM3mr in post by Juan_silverSNACK
[2024-12-24T14:33:22.486Z] [[32minfo[39m] Processed page 7/200, found 42 unique invites so far
[2024-12-24T14:33:23.008Z] [[32minfo[39m] Found new Discord invite: UKXgNqPJTr in post by skrask1
[2024-12-24T14:33:23.008Z] [[32minfo[39m] Found new Discord invite: whatever in post by Medium-Foundation403
[2024-12-24T14:33:23.009Z] [[32minfo[39m] Found new Discord invite: xkRknfJej6 in post by No_Beat6797
[2024-12-24T14:33:23.009Z] [[32minfo[39m] Found new Discord invite: xkRknfJej6 in post by No_Beat6797
[2024-12-24T14:33:23.009Z] [[32minfo[39m] Reached end of subreddit
[2024-12-24T14:33:23.010Z] [[32minfo[39m] Scan complete. Found and saved 45 unique Discord invites to discord_invites.txt
