[2024-12-24T04:54:15.297Z] [[32minfo[39m] Starting to scan r/oldrobloxrevivals for Discord invites...
[2024-12-24T04:54:18.395Z] [[32minfo[39m] Found new Discord invite: economysimulator in post by Critical_Steak3006
[2024-12-24T04:54:19.608Z] [[32minfo[39m] Found new Discord invite: a3wbHuHv7p in post by One_Outcome_8564
[2024-12-24T04:54:20.383Z] [[32minfo[39m] Found new Discord invite: NJqdCZZYzP in post by Dull-Cap-9105
[2024-12-24T04:54:20.988Z] [[32minfo[39m] Found new Discord invite: AJQx4WAyFB in comment by Dull-Cap-9105
[2024-12-24T04:54:20.989Z] [[32minfo[39m] Found new Discord invite: gwqXZkFAvc in comment by No-Eye-5249
[2024-12-24T04:54:20.989Z] [[32minfo[39m] Found new Discord invite: gwqXZkFAvc in comment by No-Eye-5249
[2024-12-24T04:54:22.387Z] [[32minfo[39m] Found new Discord invite: finobe in comment by WuffGamingReal
[2024-12-24T04:54:22.387Z] [[32minfo[39m] Found new Discord invite: pFvhsw4yMj in post by probablything
[2024-12-24T04:54:23.053Z] [[32minfo[39m] Found new Discord invite: finobe in comment by WuffGamingReal
[2024-12-24T04:54:26.509Z] [[32minfo[39m] Found new Discord invite: espdhwgY in comment by pinkbarbies
[2024-12-24T04:54:27.661Z] [[32minfo[39m] Found new Discord invite: finobe in comment by ImmediateAd3012
[2024-12-24T04:54:28.360Z] [[32minfo[39m] Found new Discord invite: Pddfrun8tt in post by One_Outcome_8564
[2024-12-24T04:54:30.791Z] [[32minfo[39m] Found new Discord invite: hYMpTCm8hp in post by Lukao001
[2024-12-24T04:54:33.134Z] [[32minfo[39m] Found new Discord invite: pfDNy9uCRg in post by WaterBoigottaken
[2024-12-24T04:54:33.163Z] [[33mwarn[39m] Rate limited! Remaining: unknown, Reset: unknown, Used: unknown
[2024-12-24T04:54:38.190Z] [[33mwarn[39m] Rate limited! Remaining: unknown, Reset: unknown, Used: unknown
[2024-12-24T04:54:43.218Z] [[33mwarn[39m] Rate limited! Remaining: unknown, Reset: unknown, Used: unknown
[2024-12-24T04:54:48.246Z] [[33mwarn[39m] Rate limited! Remaining: unknown, Reset: unknown, Used: unknown
[2024-12-24T04:54:53.272Z] [[33mwarn[39m] Rate limited! Remaining: unknown, Reset: unknown, Used: unknown
[2024-12-24T04:54:58.300Z] [[33mwarn[39m] Rate limited! Remaining: unknown, Reset: unknown, Used: unknown
[2024-12-24T04:55:03.325Z] [[33mwarn[39m] Rate limited! Remaining: unknown, Reset: unknown, Used: unknown
[2024-12-24T04:55:08.355Z] [[33mwarn[39m] Rate limited! Remaining: unknown, Reset: unknown, Used: unknown
[2024-12-24T04:55:13.383Z] [[33mwarn[39m] Rate limited! Remaining: unknown, Reset: unknown, Used: unknown
[2024-12-24T04:55:18.414Z] [[33mwarn[39m] Rate limited! Remaining: unknown, Reset: unknown, Used: unknown
[2024-12-24T04:55:21.882Z] [[32minfo[39m] Starting to scan r/oldrobloxrevivals for Discord invites...
[2024-12-24T04:55:22.366Z] [[31merror[39m] Error processing page 1: HTTP error! status: 429
[2024-12-24T04:55:27.394Z] [[31merror[39m] Error processing page 1: HTTP error! status: 429
[2024-12-24T04:55:32.423Z] [[31merror[39m] Error processing page 1: HTTP error! status: 429
[2024-12-24T04:55:37.450Z] [[31merror[39m] Error processing page 1: HTTP error! status: 429
[2024-12-24T04:55:42.481Z] [[31merror[39m] Error processing page 1: HTTP error! status: 429
[2024-12-24T04:55:47.510Z] [[31merror[39m] Error processing page 1: HTTP error! status: 429
[2024-12-24T04:55:52.538Z] [[31merror[39m] Error processing page 1: HTTP error! status: 429
[2024-12-24T04:57:39.962Z] [[32minfo[39m] Starting to scan r/oldrobloxrevivals for Discord invites...
[2024-12-24T04:57:40.216Z] [[33mwarn[39m] Rate limited! Remaining: unknown, Reset: unknown, Used: unknown
[2024-12-24T04:57:45.245Z] [[33mwarn[39m] Rate limited! Remaining: unknown, Reset: unknown, Used: unknown
[2024-12-24T04:58:52.733Z] [[32minfo[39m] Starting to scan r/oldrobloxrevivals for Discord invites...
[2024-12-24T04:58:52.934Z] [[31merror[39m] Error processing page 1: HTTP error! status: 429
[2024-12-24T04:59:24.938Z] [[32minfo[39m] Starting to scan r/oldrobloxrevivals for Discord invites...
[2024-12-24T04:59:25.146Z] [[31merror[39m] Error processing page 1: HTTP error! status: 429
[2024-12-24T05:00:28.273Z] [[32minfo[39m] Starting to scan r/oldrobloxrevivals for Discord invites...
[2024-12-24T05:00:31.326Z] [[32minfo[39m] Found new Discord invite: economysimulator in post by Critical_Steak3006
[2024-12-24T05:00:32.613Z] [[32minfo[39m] Found new Discord invite: a3wbHuHv7p in post by One_Outcome_8564
[2024-12-24T05:00:33.384Z] [[32minfo[39m] Found new Discord invite: NJqdCZZYzP in post by Dull-Cap-9105
[2024-12-24T05:00:33.911Z] [[32minfo[39m] Found new Discord invite: AJQx4WAyFB in comment by Dull-Cap-9105
[2024-12-24T05:00:33.912Z] [[32minfo[39m] Found new Discord invite: gwqXZkFAvc in comment by No-Eye-5249
[2024-12-24T05:00:33.912Z] [[32minfo[39m] Found new Discord invite: gwqXZkFAvc in comment by No-Eye-5249
[2024-12-24T05:00:35.364Z] [[32minfo[39m] Found new Discord invite: finobe in comment by WuffGamingReal
[2024-12-24T05:00:35.365Z] [[32minfo[39m] Found new Discord invite: pFvhsw4yMj in post by probablything
[2024-12-24T05:00:36.082Z] [[32minfo[39m] Found new Discord invite: finobe in comment by WuffGamingReal
[2024-12-24T05:00:39.468Z] [[32minfo[39m] Found new Discord invite: espdhwgY in comment by pinkbarbies
[2024-12-24T05:00:41.504Z] [[32minfo[39m] Found new Discord invite: finobe in comment by ImmediateAd3012
[2024-12-24T05:00:42.249Z] [[32minfo[39m] Found new Discord invite: Pddfrun8tt in post by One_Outcome_8564
[2024-12-24T05:00:44.893Z] [[32minfo[39m] Found new Discord invite: hYMpTCm8hp in post by Lukao001
[2024-12-24T05:00:47.056Z] [[31merror[39m] Error fetching comments for post 1gz1vrr: HTTP error! status: 429
[2024-12-24T05:00:47.057Z] [[32minfo[39m] Found new Discord invite: pfDNy9uCRg in post by WaterBoigottaken
[2024-12-24T05:00:47.086Z] [[31merror[39m] Error fetching comments for post 1gza8vu: HTTP error! status: 429
[2024-12-24T05:00:47.114Z] [[31merror[39m] Error fetching comments for post 1gz96p9: HTTP error! status: 429
[2024-12-24T05:00:47.143Z] [[31merror[39m] Error fetching comments for post 1gyxiu2: HTTP error! status: 429
[2024-12-24T05:00:47.170Z] [[31merror[39m] Error fetching comments for post 1gynb1l: HTTP error! status: 429
[2024-12-24T05:00:47.197Z] [[31merror[39m] Error fetching comments for post 1gyrilt: HTTP error! status: 429
[2024-12-24T05:00:47.197Z] [[32minfo[39m] Processed page 1/200, found 11 unique invites so far
[2024-12-24T05:00:47.222Z] [[31merror[39m] Error processing page 2: HTTP error! status: 429
[2024-12-24T05:00:52.248Z] [[31merror[39m] Error processing page 2: HTTP error! status: 429
[2024-12-24T05:00:57.281Z] [[31merror[39m] Error processing page 2: HTTP error! status: 429
[2024-12-24T05:01:02.313Z] [[31merror[39m] Error processing page 2: HTTP error! status: 429
[2024-12-24T05:01:07.510Z] [[32minfo[39m] Starting to scan r/oldrobloxrevivals for Discord invites...
[2024-12-24T05:01:07.693Z] [[31merror[39m] Error processing page 1: HTTP error! status: 429
[2024-12-24T05:01:10.885Z] [[32minfo[39m] Starting to scan r/oldrobloxrevivals for Discord invites...
[2024-12-24T05:01:11.081Z] [[31merror[39m] Error processing page 1: HTTP error! status: 429
[2024-12-24T05:01:16.105Z] [[31merror[39m] Error processing page 1: HTTP error! status: 429
[2024-12-24T05:01:21.134Z] [[31merror[39m] Error processing page 1: HTTP error! status: 429
[2024-12-24T05:01:26.161Z] [[31merror[39m] Error processing page 1: HTTP error! status: 429
[2024-12-24T05:01:31.187Z] [[31merror[39m] Error processing page 1: HTTP error! status: 429
[2024-12-24T05:01:36.216Z] [[31merror[39m] Error processing page 1: HTTP error! status: 429
[2024-12-24T05:01:41.244Z] [[31merror[39m] Error processing page 1: HTTP error! status: 429
[2024-12-24T05:01:46.271Z] [[31merror[39m] Error processing page 1: HTTP error! status: 429
[2024-12-24T05:01:51.300Z] [[31merror[39m] Error processing page 1: HTTP error! status: 429
[2024-12-24T05:01:56.325Z] [[31merror[39m] Error processing page 1: HTTP error! status: 429
[2024-12-24T05:02:01.352Z] [[31merror[39m] Error processing page 1: HTTP error! status: 429
[2024-12-24T05:02:06.382Z] [[31merror[39m] Error processing page 1: HTTP error! status: 429
[2024-12-24T05:02:11.408Z] [[31merror[39m] Error processing page 1: HTTP error! status: 429
[2024-12-24T05:02:16.433Z] [[31merror[39m] Error processing page 1: HTTP error! status: 429
[2024-12-24T05:02:18.027Z] [[32minfo[39m] Starting to scan r/oldrobloxrevivals for Discord invites...
[2024-12-24T05:02:18.234Z] [[31merror[39m] Error processing page 1: HTTP error! status: 429
[2024-12-24T05:02:23.263Z] [[31merror[39m] Error processing page 1: HTTP error! status: 429
[2024-12-24T05:02:25.953Z] [[32minfo[39m] Starting to scan r/oldrobloxrevivals for Discord invites...
[2024-12-24T05:02:26.165Z] [[31merror[39m] Error processing page 1: HTTP error! status: 429
